library/build/outputs/logs/manifest-merger-debug-report.txt
-- Merging decision tree log ---
manifest
ADDED from android-maps-utils-master\library\AndroidManifest.xml:2:1-11:12
INJECTED from android-maps-utils-master\library\AndroidManifest.xml:2:1-11:12
INJECTED from android-maps-utils-master\library\AndroidManifest.xml:2:1-11:12
	package
		ADDED from android-maps-utils-master\library\AndroidManifest.xml:3:11-44
		INJECTED from android-maps-utils-master\library\AndroidManifest.xml
		INJECTED from android-maps-utils-master\library\AndroidManifest.xml
	xmlns:android
		ADDED from android-maps-utils-master\library\AndroidManifest.xml:2:11-69
application
ADDED from android-maps-utils-master\library\AndroidManifest.xml:5:5-10:19
meta-data#com.google.android.gms.version
ADDED from android-maps-utils-master\library\AndroidManifest.xml:6:9-8:73
	android:value
		ADDED from android-maps-utils-master\library\AndroidManifest.xml:8:17-70
	android:name
		ADDED from android-maps-utils-master\library\AndroidManifest.xml:7:17-62
uses-sdk
INJECTED from android-maps-utils-master\library\AndroidManifest.xml reason: use-sdk injection requested
INJECTED from android-maps-utils-master\library\AndroidManifest.xml
INJECTED from android-maps-utils-master\library\AndroidManifest.xml
	android:minSdkVersion
		INJECTED from android-maps-utils-master\library\AndroidManifest.xml
		ADDED from android-maps-utils-master\library\AndroidManifest.xml
		INJECTED from android-maps-utils-master\library\AndroidManifest.xml